<?xml version="1.0" encoding="UTF-8"?>
<!-- Generated by org.testng.reporters.JUnitXMLReporter -->
<testsuite hostname="DESKTOP-EH4DQNG" ignored="0" name="Test" tests="34" failures="1" timestamp="10 Dec 2018 11:30:46 GMT" time="1730.073" errors="0">
  <testcase name="Headerelements" time="0.634" classname="homepage.Header"/>
  <testcase name="Footer_elements" time="1.742" classname="homepage.Footer"/>
  <testcase name="Top_Menu" time="0.54" classname="homepage.HomepageTopmenu"/>
  <testcase name="section2_banner" time="43.644" classname="homepage.HomepageSections"/>
  <testcase name="Subcategory" time="0.624" classname="homepage.Submenucategorys1"/>
  <testcase name="Subscription_signup" time="7.425" classname="homepage.Subscriptionsignup"/>
  <testcase name="Login_Link" time="0.056" classname="homepage.Loginlink_Homepage"/>
  <testcase name="CartLink" time="0.056" classname="homepage.Cart_Link"/>
  <testcase name="searchkeyenter" time="6.33" classname="homepage.Searchkey"/>
  <testcase name="category_headerfooter" time="8.443" classname="categorypage.Categoryheaderfooter"/>
  <testcase name="categorytop_menu" time="6.235" classname="categorypage.Categorytopmenu"/>
  <testcase name="categoryleftmenu" time="18.238" classname="categorypage.CategorypageLeftmenu"/>
  <testcase name="Category_searchitem" time="14.438" classname="categorypage.Categorysearchpage"/>
  <testcase name="Category_List" time="7.168" classname="categorypage.Categorylistitem"/>
  <testcase name="Plpheaderfooter" time="26.046" classname="plppage.PLPHeaderFooter"/>
  <testcase name="Topmenu_plppage" time="12.952" classname="plppage.TopMenuPlpPage"/>
  <testcase name="PLPproduct_list" time="19.238" classname="plppage.PlpProductList"/>
  <testcase name="plppage_searching" time="21.749" classname="plppage.PLPPageSearching"/>
  <testcase name="Pager_Test" time="44.331" classname="plppage.PagerTest"/>
  <testcase name="Pdpheaderfooter" time="20.976" classname="pdppage.PdpHeaderFooter"/>
  <testcase name="PDP_Topmenu" time="52.681" classname="pdppage.PdpTopMenu"/>
  <testcase name="PDPattributes" time="25.972" classname="pdppage.PdpDetails"/>
  <testcase name="Message_Addingproduct" time="37.6" classname="pdppage.MessageAfterAddingProduct"/>
  <testcase name="productimageonpdp" time="54.226" classname="pdppage.ProductImageTest"/>
  <testcase name="Quantity_spinner" time="22.653" classname="pdppage.QuantitySpinnerPdp"/>
  <testcase name="Cartheaderfooter" time="59.283" classname="cart.CartpageHeaderFooter"/>
  <testcase name="Carttop_menu" time="72.53" classname="cart.CartTopmenu"/>
  <testcase name="Addto_cart" time="22.107" classname="cart.Addtocart"/>
  <testcase name="proceedbtnexistance" time="42.7" classname="cart.CartProceedBtnExistance"/>
  <testcase name="RemoveitemFrmcart" time="48.425" classname="cart.RemoveitemFromcart"/>
  <testcase name="Cartquantityupdation" time="51.348" classname="cart.MainCartUpdation"/>
  <testcase name="popupandupdation" time="28.635" classname="cart.CartpopupAndUpdation"/>
  <testcase name="cancel_checkout" time="25.765" classname="checkout.Cancel_Checkout"/>
  <testcase name="proceedorder" time="78.219" classname="checkout.Checkout_Process">
    <failure type="org.openqa.selenium.WebDriverException" message="unknown error: Element &amp;lt;button class=&amp;quot;action primary checkout&amp;quot; type=&amp;quot;button&amp;quot; data-bind=&amp;quot;
                click: placeOrder,
                attr: {&amp;apos;title&amp;apos;: $t(&amp;apos;Place Order&amp;apos;)},
                css: {disabled: !isPlaceOrderActionAllowed()}
                &amp;quot; title=&amp;quot;Place Order&amp;quot;&amp;gt;...&amp;lt;/button&amp;gt; is not clickable at point (1056, 569). Other element would receive the click: &amp;lt;div class=&amp;quot;loading-mask&amp;quot; data-role=&amp;quot;loader&amp;quot;&amp;gt;...&amp;lt;/div&amp;gt;
  (Session info: headless chrome=71.0.3578.80)
  (Driver info: chromedriver=2.41.578737 (49da6702b16031c40d63e5618de03a32ff6c197e),platform=Windows NT 10.0.17134 x86_64) (WARNING: The server did not provide any stacktrace information)
Command duration or timeout: 0 milliseconds
Build info: version: &amp;apos;3.14.0&amp;apos;, revision: &amp;apos;aacccce0&amp;apos;, time: &amp;apos;2018-08-02T20:05:20.749Z&amp;apos;
System info: host: &amp;apos;DESKTOP-EH4DQNG&amp;apos;, ip: &amp;apos;192.168.2.101&amp;apos;, os.name: &amp;apos;Windows 10&amp;apos;, os.arch: &amp;apos;amd64&amp;apos;, os.version: &amp;apos;10.0&amp;apos;, java.version: &amp;apos;1.8.0_171&amp;apos;
Driver info: org.openqa.selenium.chrome.ChromeDriver
Capabilities {acceptInsecureCerts: false, acceptSslCerts: false, applicationCacheEnabled: false, browserConnectionEnabled: false, browserName: chrome, chrome: {chromedriverVersion: 2.41.578737 (49da6702b16031..., userDataDir: C:\Users\YSPL\AppData\Local...}, cssSelectorsEnabled: true, databaseEnabled: false, goog:chromeOptions: {debuggerAddress: localhost:53270}, handlesAlerts: true, hasTouchScreen: false, javascriptEnabled: true, locationContextEnabled: true, mobileEmulationEnabled: false, nativeEvents: true, networkConnectionEnabled: false, pageLoadStrategy: normal, platform: XP, platformName: XP, rotatable: false, setWindowRect: true, takesHeapSnapshot: true, takesScreenshot: true, unexpectedAlertBehaviour: , unhandledPromptBehavior: , version: 71.0.3578.80, webStorageEnabled: true}
Session ID: 4cba0e6cbcdf2084e2c09495755986a3">
      <![CDATA[org.openqa.selenium.WebDriverException: unknown error: Element <button class="action primary checkout" type="button" data-bind="
                click: placeOrder,
                attr: {'title': $t('Place Order')},
                css: {disabled: !isPlaceOrderActionAllowed()}
                " title="Place Order">...</button> is not clickable at point (1056, 569). Other element would receive the click: <div class="loading-mask" data-role="loader">...</div>
  (Session info: headless chrome=71.0.3578.80)
  (Driver info: chromedriver=2.41.578737 (49da6702b16031c40d63e5618de03a32ff6c197e),platform=Windows NT 10.0.17134 x86_64) (WARNING: The server did not provide any stacktrace information)
Command duration or timeout: 0 milliseconds
Build info: version: '3.14.0', revision: 'aacccce0', time: '2018-08-02T20:05:20.749Z'
System info: host: 'DESKTOP-EH4DQNG', ip: '192.168.2.101', os.name: 'Windows 10', os.arch: 'amd64', os.version: '10.0', java.version: '1.8.0_171'
Driver info: org.openqa.selenium.chrome.ChromeDriver
Capabilities {acceptInsecureCerts: false, acceptSslCerts: false, applicationCacheEnabled: false, browserConnectionEnabled: false, browserName: chrome, chrome: {chromedriverVersion: 2.41.578737 (49da6702b16031..., userDataDir: C:\Users\YSPL\AppData\Local...}, cssSelectorsEnabled: true, databaseEnabled: false, goog:chromeOptions: {debuggerAddress: localhost:53270}, handlesAlerts: true, hasTouchScreen: false, javascriptEnabled: true, locationContextEnabled: true, mobileEmulationEnabled: false, nativeEvents: true, networkConnectionEnabled: false, pageLoadStrategy: normal, platform: XP, platformName: XP, rotatable: false, setWindowRect: true, takesHeapSnapshot: true, takesScreenshot: true, unexpectedAlertBehaviour: , unhandledPromptBehavior: , version: 71.0.3578.80, webStorageEnabled: true}
Session ID: 4cba0e6cbcdf2084e2c09495755986a3
at org.openqa.selenium.remote.ErrorHandler.createThrowable(ErrorHandler.java:214)
at org.openqa.selenium.remote.ErrorHandler.throwIfResponseFailed(ErrorHandler.java:166)
at org.openqa.selenium.remote.http.JsonHttpResponseCodec.reconstructValue(JsonHttpResponseCodec.java:40)
at org.openqa.selenium.remote.http.AbstractHttpResponseCodec.decode(AbstractHttpResponseCodec.java:80)
at org.openqa.selenium.remote.http.AbstractHttpResponseCodec.decode(AbstractHttpResponseCodec.java:44)
at org.openqa.selenium.remote.HttpCommandExecutor.execute(HttpCommandExecutor.java:158)
at org.openqa.selenium.remote.service.DriverCommandExecutor.execute(DriverCommandExecutor.java:83)
at org.openqa.selenium.remote.RemoteWebDriver.execute(RemoteWebDriver.java:548)
at org.openqa.selenium.remote.RemoteWebElement.execute(RemoteWebElement.java:276)
at org.openqa.selenium.remote.RemoteWebElement.click(RemoteWebElement.java:83)
at org.openqa.selenium.support.pagefactory.internal.LocatingElementHandler.invoke(LocatingElementHandler.java:51)
at com.sun.proxy.$Proxy10.click(Unknown Source)
at navigationpages.CheckoutPage.checkoutradio(CheckoutPage.java:127)
at checkout.Checkout_Process.proceedorder(Checkout_Process.java:54)
... Removed 32 stack frames]]>
    </failure>
  </testcase> <!-- proceedorder -->
</testsuite> <!-- Test -->
